2014-02-23 15:22:56,142 WARN org.apache.hadoop.conf.Configuration: session.id is deprecated. Instead, use dfs.metrics.session-id
2014-02-23 15:22:56,153 INFO org.apache.hadoop.metrics.jvm.JvmMetrics: Initializing JVM Metrics with processName=JobTracker, sessionId=
2014-02-23 15:22:56,359 WARN org.apache.hadoop.util.NativeCodeLoader: Unable to load native-hadoop library for your platform... using builtin-java classes where applicable
2014-02-23 15:22:56,388 WARN org.apache.hadoop.mapred.JobClient: Use GenericOptionsParser for parsing the arguments. Applications should implement Tool for the same.
2014-02-23 15:22:56,411 WARN org.apache.hadoop.mapred.JobClient: No job jar file set.  User classes may not be found. See JobConf(Class) or JobConf#setJar(String).
2014-02-23 15:22:56,434 INFO org.apache.hadoop.mapred.JobClient: Cleaning up the staging area file:/tmp/hadoop-training/mapred/staging/training-1953874194/.staging/job_local_0001
2014-02-23 15:23:35,926 ERROR org.apache.hadoop.security.UserGroupInformation: PriviledgedActionException as:training (auth:SIMPLE) cause:org.apache.hadoop.mapreduce.lib.input.InvalidInputException: Input path does not exist: file:/sales/src/test/resources
2014-02-23 15:25:59,117 WARN org.apache.hadoop.conf.Configuration: session.id is deprecated. Instead, use dfs.metrics.session-id
2014-02-23 15:25:59,135 INFO org.apache.hadoop.metrics.jvm.JvmMetrics: Initializing JVM Metrics with processName=JobTracker, sessionId=
2014-02-23 15:25:59,222 WARN org.apache.hadoop.util.NativeCodeLoader: Unable to load native-hadoop library for your platform... using builtin-java classes where applicable
2014-02-23 15:25:59,271 WARN org.apache.hadoop.mapred.JobClient: Use GenericOptionsParser for parsing the arguments. Applications should implement Tool for the same.
2014-02-23 15:25:59,337 WARN org.apache.hadoop.mapred.JobClient: No job jar file set.  User classes may not be found. See JobConf(Class) or JobConf#setJar(String).
2014-02-23 15:25:59,360 INFO org.apache.hadoop.mapred.JobClient: Cleaning up the staging area file:/tmp/hadoop-training/mapred/staging/training283734981/.staging/job_local_0001
2014-02-23 15:26:04,563 ERROR org.apache.hadoop.security.UserGroupInformation: PriviledgedActionException as:training (auth:SIMPLE) cause:org.apache.hadoop.mapreduce.lib.input.InvalidInputException: Input path does not exist: file:/home/training/workspace/sales/sales/src/test/resources
2014-02-23 15:27:36,885 WARN org.apache.hadoop.conf.Configuration: session.id is deprecated. Instead, use dfs.metrics.session-id
2014-02-23 15:27:36,896 INFO org.apache.hadoop.metrics.jvm.JvmMetrics: Initializing JVM Metrics with processName=JobTracker, sessionId=
2014-02-23 15:27:36,984 WARN org.apache.hadoop.util.NativeCodeLoader: Unable to load native-hadoop library for your platform... using builtin-java classes where applicable
2014-02-23 15:27:37,027 WARN org.apache.hadoop.mapred.JobClient: Use GenericOptionsParser for parsing the arguments. Applications should implement Tool for the same.
2014-02-23 15:27:37,051 WARN org.apache.hadoop.mapred.JobClient: No job jar file set.  User classes may not be found. See JobConf(Class) or JobConf#setJar(String).
2014-02-23 15:27:37,066 INFO org.apache.hadoop.mapred.JobClient: Cleaning up the staging area file:/tmp/hadoop-training/mapred/staging/training1320923201/.staging/job_local_0001
2014-02-23 15:27:40,492 ERROR org.apache.hadoop.security.UserGroupInformation: PriviledgedActionException as:training (auth:SIMPLE) cause:org.apache.hadoop.mapreduce.lib.input.InvalidInputException: Input path does not exist: file:/home/training/workspace/src/test/resources
2014-02-23 15:29:17,379 WARN org.apache.hadoop.conf.Configuration: session.id is deprecated. Instead, use dfs.metrics.session-id
2014-02-23 15:29:17,383 INFO org.apache.hadoop.metrics.jvm.JvmMetrics: Initializing JVM Metrics with processName=JobTracker, sessionId=
2014-02-23 15:29:17,461 WARN org.apache.hadoop.util.NativeCodeLoader: Unable to load native-hadoop library for your platform... using builtin-java classes where applicable
2014-02-23 15:29:17,478 WARN org.apache.hadoop.mapred.JobClient: Use GenericOptionsParser for parsing the arguments. Applications should implement Tool for the same.
2014-02-23 15:29:17,539 WARN org.apache.hadoop.mapred.JobClient: No job jar file set.  User classes may not be found. See JobConf(Class) or JobConf#setJar(String).
2014-02-23 15:29:17,558 INFO org.apache.hadoop.mapreduce.lib.input.FileInputFormat: Total input paths to process : 2
2014-02-23 15:29:17,576 WARN org.apache.hadoop.io.compress.snappy.LoadSnappy: Snappy native library not loaded
2014-02-23 15:29:18,197 INFO org.apache.hadoop.mapred.JobClient: Running job: job_local_0001
2014-02-23 15:29:18,233 INFO org.apache.hadoop.mapred.LocalJobRunner: OutputCommitter set in config null
2014-02-23 15:29:18,258 INFO org.apache.hadoop.mapred.LocalJobRunner: OutputCommitter is org.apache.hadoop.mapreduce.lib.output.FileOutputCommitter
2014-02-23 15:29:18,387 WARN mapreduce.Counters: Group org.apache.hadoop.mapred.Task$Counter is deprecated. Use org.apache.hadoop.mapreduce.TaskCounter instead
2014-02-23 15:29:18,674 INFO org.apache.hadoop.util.ProcessTree: setsid exited with exit code 0
2014-02-23 15:29:18,840 INFO org.apache.hadoop.mapred.Task:  Using ResourceCalculatorPlugin : org.apache.hadoop.util.LinuxResourceCalculatorPlugin@15cd9c0
2014-02-23 15:29:18,906 INFO org.apache.hadoop.mapred.MapTask: io.sort.mb = 100
2014-02-23 15:29:19,244 INFO org.apache.hadoop.mapred.JobClient:  map 0% reduce 0%
2014-02-23 15:29:22,830 INFO org.apache.hadoop.mapred.MapTask: data buffer = 79691776/99614720
2014-02-23 15:29:22,831 INFO org.apache.hadoop.mapred.MapTask: record buffer = 262144/327680
2014-02-23 15:29:22,893 WARN org.apache.hadoop.mapred.LocalJobRunner: job_local_0001
java.lang.ArrayIndexOutOfBoundsException: 3
	at com.bigdata.rd.sales.ProductSalesMapper.map(ProductSalesMapper.java:52)
	at com.bigdata.rd.sales.ProductSalesMapper.map(ProductSalesMapper.java:1)
	at org.apache.hadoop.mapreduce.Mapper.run(Mapper.java:140)
	at org.apache.hadoop.mapred.MapTask.runNewMapper(MapTask.java:645)
	at org.apache.hadoop.mapred.MapTask.run(MapTask.java:325)
	at org.apache.hadoop.mapred.LocalJobRunner$Job.run(LocalJobRunner.java:263)
2014-02-23 15:29:23,829 INFO org.apache.hadoop.mapred.JobClient: Job complete: job_local_0001
2014-02-23 15:29:23,846 INFO org.apache.hadoop.mapred.JobClient: Counters: 0
2014-02-23 15:49:27,417 WARN org.apache.hadoop.conf.Configuration: session.id is deprecated. Instead, use dfs.metrics.session-id
2014-02-23 15:49:27,422 INFO org.apache.hadoop.metrics.jvm.JvmMetrics: Initializing JVM Metrics with processName=JobTracker, sessionId=
2014-02-23 15:49:27,519 WARN org.apache.hadoop.util.NativeCodeLoader: Unable to load native-hadoop library for your platform... using builtin-java classes where applicable
2014-02-23 15:49:27,552 WARN org.apache.hadoop.mapred.JobClient: Use GenericOptionsParser for parsing the arguments. Applications should implement Tool for the same.
2014-02-23 15:49:27,571 WARN org.apache.hadoop.mapred.JobClient: No job jar file set.  User classes may not be found. See JobConf(Class) or JobConf#setJar(String).
2014-02-23 15:49:27,583 INFO org.apache.hadoop.mapred.JobClient: Cleaning up the staging area file:/tmp/hadoop-training/mapred/staging/training-174510716/.staging/job_local_0001
2014-02-23 15:49:37,627 ERROR org.apache.hadoop.security.UserGroupInformation: PriviledgedActionException as:training (auth:SIMPLE) cause:org.apache.hadoop.mapred.FileAlreadyExistsException: Output directory output already exists
2014-02-23 15:50:45,782 WARN org.apache.hadoop.conf.Configuration: session.id is deprecated. Instead, use dfs.metrics.session-id
2014-02-23 15:50:45,785 INFO org.apache.hadoop.metrics.jvm.JvmMetrics: Initializing JVM Metrics with processName=JobTracker, sessionId=
2014-02-23 15:50:45,819 WARN org.apache.hadoop.util.NativeCodeLoader: Unable to load native-hadoop library for your platform... using builtin-java classes where applicable
2014-02-23 15:50:45,863 WARN org.apache.hadoop.mapred.JobClient: Use GenericOptionsParser for parsing the arguments. Applications should implement Tool for the same.
2014-02-23 15:50:45,900 WARN org.apache.hadoop.mapred.JobClient: No job jar file set.  User classes may not be found. See JobConf(Class) or JobConf#setJar(String).
2014-02-23 15:50:45,941 INFO org.apache.hadoop.mapreduce.lib.input.FileInputFormat: Total input paths to process : 2
2014-02-23 15:50:45,986 WARN org.apache.hadoop.io.compress.snappy.LoadSnappy: Snappy native library not loaded
2014-02-23 15:50:46,559 INFO org.apache.hadoop.mapred.LocalJobRunner: OutputCommitter set in config null
2014-02-23 15:50:46,566 INFO org.apache.hadoop.mapred.JobClient: Running job: job_local_0001
2014-02-23 15:50:46,570 INFO org.apache.hadoop.mapred.LocalJobRunner: OutputCommitter is org.apache.hadoop.mapreduce.lib.output.FileOutputCommitter
2014-02-23 15:50:46,662 WARN mapreduce.Counters: Group org.apache.hadoop.mapred.Task$Counter is deprecated. Use org.apache.hadoop.mapreduce.TaskCounter instead
2014-02-23 15:50:46,846 INFO org.apache.hadoop.util.ProcessTree: setsid exited with exit code 0
2014-02-23 15:50:46,913 INFO org.apache.hadoop.mapred.Task:  Using ResourceCalculatorPlugin : org.apache.hadoop.util.LinuxResourceCalculatorPlugin@1de6817
2014-02-23 15:50:46,932 INFO org.apache.hadoop.mapred.MapTask: io.sort.mb = 100
2014-02-23 15:50:47,578 INFO org.apache.hadoop.mapred.JobClient:  map 0% reduce 0%
2014-02-23 15:50:50,790 INFO org.apache.hadoop.mapred.MapTask: data buffer = 79691776/99614720
2014-02-23 15:50:50,791 INFO org.apache.hadoop.mapred.MapTask: record buffer = 262144/327680
2014-02-23 15:50:51,392 WARN org.apache.hadoop.mapred.LocalJobRunner: job_local_0001
java.lang.ArrayIndexOutOfBoundsException: 3
	at com.bigdata.rd.sales.ProductSalesMapper.map(ProductSalesMapper.java:47)
	at com.bigdata.rd.sales.ProductSalesMapper.map(ProductSalesMapper.java:1)
	at org.apache.hadoop.mapreduce.Mapper.run(Mapper.java:140)
	at org.apache.hadoop.mapred.MapTask.runNewMapper(MapTask.java:645)
	at org.apache.hadoop.mapred.MapTask.run(MapTask.java:325)
	at org.apache.hadoop.mapred.LocalJobRunner$Job.run(LocalJobRunner.java:263)
2014-02-23 15:50:51,788 INFO org.apache.hadoop.mapred.JobClient: Job complete: job_local_0001
2014-02-23 15:50:51,828 INFO org.apache.hadoop.mapred.JobClient: Counters: 0
2014-02-23 15:52:03,226 WARN org.apache.hadoop.conf.Configuration: session.id is deprecated. Instead, use dfs.metrics.session-id
2014-02-23 15:52:03,236 INFO org.apache.hadoop.metrics.jvm.JvmMetrics: Initializing JVM Metrics with processName=JobTracker, sessionId=
2014-02-23 15:52:03,304 WARN org.apache.hadoop.util.NativeCodeLoader: Unable to load native-hadoop library for your platform... using builtin-java classes where applicable
2014-02-23 15:52:03,320 WARN org.apache.hadoop.mapred.JobClient: Use GenericOptionsParser for parsing the arguments. Applications should implement Tool for the same.
2014-02-23 15:52:03,342 WARN org.apache.hadoop.mapred.JobClient: No job jar file set.  User classes may not be found. See JobConf(Class) or JobConf#setJar(String).
2014-02-23 15:52:03,350 INFO org.apache.hadoop.mapred.JobClient: Cleaning up the staging area file:/tmp/hadoop-training/mapred/staging/training-1928269854/.staging/job_local_0001
2014-02-23 15:52:09,157 ERROR org.apache.hadoop.security.UserGroupInformation: PriviledgedActionException as:training (auth:SIMPLE) cause:org.apache.hadoop.mapred.FileAlreadyExistsException: Output directory output already exists
2014-02-23 15:52:33,360 WARN org.apache.hadoop.conf.Configuration: session.id is deprecated. Instead, use dfs.metrics.session-id
2014-02-23 15:52:33,365 INFO org.apache.hadoop.metrics.jvm.JvmMetrics: Initializing JVM Metrics with processName=JobTracker, sessionId=
2014-02-23 15:52:33,432 WARN org.apache.hadoop.util.NativeCodeLoader: Unable to load native-hadoop library for your platform... using builtin-java classes where applicable
2014-02-23 15:52:33,472 WARN org.apache.hadoop.mapred.JobClient: Use GenericOptionsParser for parsing the arguments. Applications should implement Tool for the same.
2014-02-23 15:52:33,507 WARN org.apache.hadoop.mapred.JobClient: No job jar file set.  User classes may not be found. See JobConf(Class) or JobConf#setJar(String).
2014-02-23 15:52:33,529 INFO org.apache.hadoop.mapred.JobClient: Cleaning up the staging area file:/tmp/hadoop-training/mapred/staging/training-586575209/.staging/job_local_0001
2014-02-23 15:53:21,009 ERROR org.apache.hadoop.security.UserGroupInformation: PriviledgedActionException as:training (auth:SIMPLE) cause:org.apache.hadoop.mapred.FileAlreadyExistsException: Output directory output already exists
2014-02-23 15:53:54,055 WARN org.apache.hadoop.conf.Configuration: session.id is deprecated. Instead, use dfs.metrics.session-id
2014-02-23 15:53:54,065 INFO org.apache.hadoop.metrics.jvm.JvmMetrics: Initializing JVM Metrics with processName=JobTracker, sessionId=
2014-02-23 15:53:54,137 WARN org.apache.hadoop.util.NativeCodeLoader: Unable to load native-hadoop library for your platform... using builtin-java classes where applicable
2014-02-23 15:53:54,185 WARN org.apache.hadoop.mapred.JobClient: Use GenericOptionsParser for parsing the arguments. Applications should implement Tool for the same.
2014-02-23 15:53:54,226 WARN org.apache.hadoop.mapred.JobClient: No job jar file set.  User classes may not be found. See JobConf(Class) or JobConf#setJar(String).
2014-02-23 15:53:54,242 INFO org.apache.hadoop.mapreduce.lib.input.FileInputFormat: Total input paths to process : 2
2014-02-23 15:53:54,267 WARN org.apache.hadoop.io.compress.snappy.LoadSnappy: Snappy native library not loaded
2014-02-23 15:53:54,725 INFO org.apache.hadoop.mapred.LocalJobRunner: OutputCommitter set in config null
2014-02-23 15:53:54,726 INFO org.apache.hadoop.mapred.JobClient: Running job: job_local_0001
2014-02-23 15:53:54,737 INFO org.apache.hadoop.mapred.LocalJobRunner: OutputCommitter is org.apache.hadoop.mapreduce.lib.output.FileOutputCommitter
2014-02-23 15:53:54,823 WARN mapreduce.Counters: Group org.apache.hadoop.mapred.Task$Counter is deprecated. Use org.apache.hadoop.mapreduce.TaskCounter instead
2014-02-23 15:53:54,925 INFO org.apache.hadoop.util.ProcessTree: setsid exited with exit code 0
2014-02-23 15:53:54,949 INFO org.apache.hadoop.mapred.Task:  Using ResourceCalculatorPlugin : org.apache.hadoop.util.LinuxResourceCalculatorPlugin@1a70b8
2014-02-23 15:53:54,967 INFO org.apache.hadoop.mapred.MapTask: io.sort.mb = 100
2014-02-23 15:53:55,160 INFO org.apache.hadoop.mapred.MapTask: data buffer = 79691776/99614720
2014-02-23 15:53:55,160 INFO org.apache.hadoop.mapred.MapTask: record buffer = 262144/327680
2014-02-23 15:53:55,183 WARN org.apache.hadoop.mapred.LocalJobRunner: job_local_0001
java.lang.ArrayIndexOutOfBoundsException: 3
	at com.bigdata.rd.sales.ProductSalesMapper.map(ProductSalesMapper.java:47)
	at com.bigdata.rd.sales.ProductSalesMapper.map(ProductSalesMapper.java:1)
	at org.apache.hadoop.mapreduce.Mapper.run(Mapper.java:140)
	at org.apache.hadoop.mapred.MapTask.runNewMapper(MapTask.java:645)
	at org.apache.hadoop.mapred.MapTask.run(MapTask.java:325)
	at org.apache.hadoop.mapred.LocalJobRunner$Job.run(LocalJobRunner.java:263)
2014-02-23 15:53:56,118 INFO org.apache.hadoop.mapred.JobClient:  map 0% reduce 0%
2014-02-23 15:53:56,123 INFO org.apache.hadoop.mapred.JobClient: Job complete: job_local_0001
2014-02-23 15:53:56,178 INFO org.apache.hadoop.mapred.JobClient: Counters: 0
2014-02-23 15:54:45,451 WARN org.apache.hadoop.conf.Configuration: session.id is deprecated. Instead, use dfs.metrics.session-id
2014-02-23 15:54:45,454 INFO org.apache.hadoop.metrics.jvm.JvmMetrics: Initializing JVM Metrics with processName=JobTracker, sessionId=
2014-02-23 15:54:45,535 WARN org.apache.hadoop.util.NativeCodeLoader: Unable to load native-hadoop library for your platform... using builtin-java classes where applicable
2014-02-23 15:54:45,577 WARN org.apache.hadoop.mapred.JobClient: Use GenericOptionsParser for parsing the arguments. Applications should implement Tool for the same.
2014-02-23 15:54:45,614 WARN org.apache.hadoop.mapred.JobClient: No job jar file set.  User classes may not be found. See JobConf(Class) or JobConf#setJar(String).
2014-02-23 15:54:45,628 INFO org.apache.hadoop.mapred.JobClient: Cleaning up the staging area file:/tmp/hadoop-training/mapred/staging/training-1003465768/.staging/job_local_0001
2014-02-23 15:55:21,773 WARN org.apache.hadoop.conf.Configuration: session.id is deprecated. Instead, use dfs.metrics.session-id
2014-02-23 15:55:21,778 INFO org.apache.hadoop.metrics.jvm.JvmMetrics: Initializing JVM Metrics with processName=JobTracker, sessionId=
2014-02-23 15:55:21,852 WARN org.apache.hadoop.util.NativeCodeLoader: Unable to load native-hadoop library for your platform... using builtin-java classes where applicable
2014-02-23 15:55:21,889 WARN org.apache.hadoop.mapred.JobClient: Use GenericOptionsParser for parsing the arguments. Applications should implement Tool for the same.
2014-02-23 15:55:21,915 WARN org.apache.hadoop.mapred.JobClient: No job jar file set.  User classes may not be found. See JobConf(Class) or JobConf#setJar(String).
2014-02-23 15:55:21,932 INFO org.apache.hadoop.mapreduce.lib.input.FileInputFormat: Total input paths to process : 2
2014-02-23 15:55:21,952 WARN org.apache.hadoop.io.compress.snappy.LoadSnappy: Snappy native library not loaded
2014-02-23 15:55:22,468 INFO org.apache.hadoop.mapred.LocalJobRunner: OutputCommitter set in config null
2014-02-23 15:55:22,469 INFO org.apache.hadoop.mapred.JobClient: Running job: job_local_0001
2014-02-23 15:55:22,487 INFO org.apache.hadoop.mapred.LocalJobRunner: OutputCommitter is org.apache.hadoop.mapreduce.lib.output.FileOutputCommitter
2014-02-23 15:55:22,559 WARN mapreduce.Counters: Group org.apache.hadoop.mapred.Task$Counter is deprecated. Use org.apache.hadoop.mapreduce.TaskCounter instead
2014-02-23 15:55:22,614 INFO org.apache.hadoop.util.ProcessTree: setsid exited with exit code 0
2014-02-23 15:55:22,640 INFO org.apache.hadoop.mapred.Task:  Using ResourceCalculatorPlugin : org.apache.hadoop.util.LinuxResourceCalculatorPlugin@15cd9c0
2014-02-23 15:55:22,657 INFO org.apache.hadoop.mapred.MapTask: io.sort.mb = 100
2014-02-23 15:55:22,777 INFO org.apache.hadoop.mapred.MapTask: data buffer = 79691776/99614720
2014-02-23 15:55:22,778 INFO org.apache.hadoop.mapred.MapTask: record buffer = 262144/327680
2014-02-23 15:55:22,795 WARN org.apache.hadoop.mapred.LocalJobRunner: job_local_0001
java.lang.ArrayIndexOutOfBoundsException: 3
	at com.bigdata.rd.sales.ProductSalesMapper.map(ProductSalesMapper.java:52)
	at com.bigdata.rd.sales.ProductSalesMapper.map(ProductSalesMapper.java:1)
	at org.apache.hadoop.mapreduce.Mapper.run(Mapper.java:140)
	at org.apache.hadoop.mapred.MapTask.runNewMapper(MapTask.java:645)
	at org.apache.hadoop.mapred.MapTask.run(MapTask.java:325)
	at org.apache.hadoop.mapred.LocalJobRunner$Job.run(LocalJobRunner.java:263)
2014-02-23 15:55:23,479 INFO org.apache.hadoop.mapred.JobClient:  map 0% reduce 0%
2014-02-23 15:55:23,482 INFO org.apache.hadoop.mapred.JobClient: Job complete: job_local_0001
2014-02-23 15:55:23,500 INFO org.apache.hadoop.mapred.JobClient: Counters: 0
